<?xml version="1.0" encoding="UTF-8"?>
<!-- Generated by org.testng.reporters.JUnitReportReporter -->
<testsuite skipped="0" hostname="Asus_Doi" name="Tests.AutoGravity" tests="1" failures="0" timestamp="03 May 2018 20:33:00 GMT" time="82.057" errors="0">
  <testcase name="reachCreditCardApplication" time="82.057" classname="Tests.AutoGravity"/>
</testsuite> <!-- Tests.AutoGravity -->
