<?xml version="1.0" encoding="UTF-8"?>
<!-- Generated by org.testng.reporters.JUnitReportReporter -->
<testsuite skipped="0" hostname="Asus_Doi" name="Tests.AutoGravity" tests="1" failures="0" timestamp="01 May 2018 21:23:30 GMT" time="0.443" errors="0">
  <testcase name="reachCardApplication" time="0.443" classname="Tests.AutoGravity"/>
</testsuite> <!-- Tests.AutoGravity -->
