<?xml version="1.0" encoding="UTF-8"?>
<!-- Generated by org.testng.reporters.JUnitReportReporter -->
<testsuite skipped="0" hostname="Asus_Doi" name="Tests.AutoGravity" tests="1" failures="0" timestamp="03 May 2018 05:08:46 GMT" time="16.543" errors="0">
  <testcase name="reachCreditCardApplication" time="16.543" classname="Tests.AutoGravity"/>
</testsuite> <!-- Tests.AutoGravity -->
