<?xml version="1.0" encoding="UTF-8"?>
<!-- Generated by org.testng.reporters.JUnitReportReporter -->
<testsuite skipped="0" hostname="Asus_Doi" name="Tests.AutoGravityTest" tests="1" failures="0" timestamp="04 May 2018 01:08:08 GMT" time="22.917" errors="0">
  <testcase name="reachCreditCardApplication" time="22.917" classname="Tests.AutoGravityTest"/>
</testsuite> <!-- Tests.AutoGravityTest -->
